[debug] [2020-09-13T05:47:08.560Z] ----------------------------------------------------------------------
[debug] [2020-09-13T05:47:08.564Z] Command:       C:\Program Files\nodejs\node.exe C:\Users\vikash\AppData\Roaming\npm\node_modules\firebase-tools\lib\bin\firebase.js login
[debug] [2020-09-13T05:47:08.565Z] CLI Version:   8.10.0
[debug] [2020-09-13T05:47:08.565Z] Platform:      win32
[debug] [2020-09-13T05:47:08.565Z] Node Version:  v12.16.3
[debug] [2020-09-13T05:47:08.671Z] Time:          Sun Sep 13 2020 11:17:08 GMT+0530 (India Standard Time)
[debug] [2020-09-13T05:47:08.672Z] ----------------------------------------------------------------------
[debug] [2020-09-13T05:47:08.672Z] 
[info] i  Firebase optionally collects CLI usage and error reporting information to help improve our products. Data is collected in accordance with Google's privacy policy (https://policies.google.com/privacy) and is not used to identify you.
 
[info] i  To change your data collection preference at any time, run `firebase logout` and log in again. 
[info] 
[info] Visit this URL on this device to log in:
[info] https://accounts.google.com/o/oauth2/auth?client_id=563584335869-fgrhgmd47bqnekij5i8b5pr03ho849e6.apps.googleusercontent.com&scope=email%20openid%20https%3A%2F%2Fwww.googleapis.com%2Fauth%2Fcloudplatformprojects.readonly%20https%3A%2F%2Fwww.googleapis.com%2Fauth%2Ffirebase%20https%3A%2F%2Fwww.googleapis.com%2Fauth%2Fcloud-platform&response_type=code&state=970359722&redirect_uri=http%3A%2F%2Flocalhost%3A9006
[info] 
[info] Waiting for authentication...
[debug] [2020-09-13T05:47:53.410Z] >>> HTTP REQUEST POST https://accounts.google.com/o/oauth2/token  
 {"code":"4/4AFFEKjKRI7Bi3ReIhG-Cz6SKZJ5dTppSHEiBAkI9XdMqa2R0MERd18_rlrDRB1BqxTOdZ_6NouW6yj2-pHzdrU","client_id":"563584335869-fgrhgmd47bqnekij5i8b5pr03ho849e6.apps.googleusercontent.com","client_secret":"j9iVZfS8kkCEFUPaAeJV0sAi","redirect_uri":"http://localhost:9006","grant_type":"authorization_code"}
[debug] [2020-09-13T05:47:55.397Z] Token Fetch Error: FirebaseError: Server Error. unable to get local issuer certificate
    at Request._callback (C:\Users\vikash\AppData\Roaming\npm\node_modules\firebase-tools\lib\api.js:32:31)
    at self.callback (C:\Users\vikash\AppData\Roaming\npm\node_modules\firebase-tools\node_modules\request\request.js:185:22)
    at Request.emit (events.js:310:20)
    at Request.EventEmitter.emit (domain.js:482:12)
    at Request.onRequestError (C:\Users\vikash\AppData\Roaming\npm\node_modules\firebase-tools\node_modules\request\request.js:877:8)
    at ClientRequest.emit (events.js:310:20)
    at ClientRequest.EventEmitter.emit (domain.js:482:12)
    at TLSSocket.socketErrorListener (_http_client.js:426:9)
    at TLSSocket.emit (events.js:310:20)
    at TLSSocket.EventEmitter.emit (domain.js:482:12)
    at emitErrorNT (internal/streams/destroy.js:92:8)
    at emitErrorAndCloseNT (internal/streams/destroy.js:60:3)
    at processTicksAndRejections (internal/process/task_queues.js:84:21)
[debug] [2020-09-14T01:10:25.530Z] ----------------------------------------------------------------------
[debug] [2020-09-14T01:10:25.541Z] Command:       C:\Program Files\nodejs\node.exe C:\Users\vikash\AppData\Roaming\npm\node_modules\firebase-tools\lib\bin\firebase.js login
[debug] [2020-09-14T01:10:25.543Z] CLI Version:   8.10.0
[debug] [2020-09-14T01:10:25.543Z] Platform:      win32
[debug] [2020-09-14T01:10:25.544Z] Node Version:  v12.16.3
[debug] [2020-09-14T01:10:25.560Z] Time:          Mon Sep 14 2020 06:40:25 GMT+0530 (India Standard Time)
[debug] [2020-09-14T01:10:25.560Z] ----------------------------------------------------------------------
[debug] [2020-09-14T01:10:25.561Z] 
[info] i  Firebase optionally collects CLI usage and error reporting information to help improve our products. Data is collected in accordance with Google's privacy policy (https://policies.google.com/privacy) and is not used to identify you.
 
